TN:
SF:/Users/jwainwright/Dropbox/me/git-docs/yowainwright.github.io/jest-setup.js
FN:13,(anonymous_0)
FNF:1
FNH:1
FNDA:3,(anonymous_0)
DA:8,6
DA:10,6
DA:11,6
DA:12,6
DA:13,6
LF:5
LH:5
BRF:0
BRH:0
end_of_record
TN:
SF:/Users/jwainwright/Dropbox/me/git-docs/yowainwright.github.io/src/components/Footer.jsx
FN:12,(anonymous_0)
FN:17,(anonymous_1)
FNF:2
FNH:2
FNDA:1,(anonymous_0)
FNDA:1,(anonymous_1)
DA:13,1
DA:14,1
DA:15,1
DA:18,1
LF:4
LH:4
BRF:0
BRH:0
end_of_record
TN:
SF:/Users/jwainwright/Dropbox/me/git-docs/yowainwright.github.io/src/components/Head.jsx
FN:10,(anonymous_0)
FN:14,(anonymous_1)
FNF:2
FNH:2
FNDA:1,(anonymous_0)
FNDA:1,(anonymous_1)
DA:11,1
DA:12,1
DA:15,1
LF:3
LH:3
BRF:0
BRH:0
end_of_record
TN:
SF:/Users/jwainwright/Dropbox/me/git-docs/yowainwright.github.io/src/components/Header.jsx
FN:9,(anonymous_0)
FN:19,(anonymous_1)
FN:52,(anonymous_2)
FN:63,(anonymous_3)
FNF:4
FNH:4
FNDA:1,(anonymous_0)
FNDA:1,(anonymous_1)
FNDA:5,(anonymous_2)
FNDA:1,(anonymous_3)
DA:10,1
DA:11,1
DA:20,1
DA:23,1
DA:52,1
DA:53,5
DA:60,1
DA:64,1
LF:8
LH:8
BRF:0
BRH:0
end_of_record
TN:
SF:/Users/jwainwright/Dropbox/me/git-docs/yowainwright.github.io/src/pages/archive.jsx
FN:14,(anonymous_0)
FN:21,(anonymous_1)
FN:33,(anonymous_2)
FN:35,(anonymous_3)
FN:49,(anonymous_4)
FNF:5
FNH:3
FNDA:1,(anonymous_0)
FNDA:0,(anonymous_1)
FNDA:1,(anonymous_2)
FNDA:0,(anonymous_3)
FNDA:1,(anonymous_4)
DA:15,1
DA:16,1
DA:17,1
DA:18,1
DA:22,0
DA:34,1
DA:35,1
DA:36,0
DA:37,0
DA:38,0
DA:39,0
DA:40,0
DA:41,0
DA:46,0
DA:50,1
DA:68,1
DA:80,1
LF:17
LH:9
BRDA:37,0,0,0
BRDA:37,0,1,0
BRDA:38,1,0,0
BRDA:38,1,1,0
BRDA:38,2,0,0
BRDA:38,2,1,0
BRDA:38,2,2,0
BRDA:39,3,0,0
BRDA:39,3,1,0
BRDA:40,4,0,0
BRDA:40,4,1,0
BRF:11
BRH:0
end_of_record
TN:
SF:/Users/jwainwright/Dropbox/me/git-docs/yowainwright.github.io/src/pages/index.jsx
FN:14,(anonymous_0)
FN:27,(anonymous_1)
FN:42,(anonymous_2)
FN:59,(anonymous_3)
FN:61,(anonymous_4)
FN:92,(anonymous_5)
FNF:6
FNH:3
FNDA:1,(anonymous_0)
FNDA:0,(anonymous_1)
FNDA:0,(anonymous_2)
FNDA:1,(anonymous_3)
FNDA:0,(anonymous_4)
FNDA:1,(anonymous_5)
DA:15,1
DA:16,1
DA:17,1
DA:18,1
DA:28,0
DA:43,0
DA:44,0
DA:60,1
DA:61,1
DA:62,0
DA:65,0
DA:66,0
DA:68,0
DA:71,0
DA:72,0
DA:73,0
DA:74,0
DA:75,0
DA:76,0
DA:79,0
DA:89,0
DA:94,1
DA:110,1
DA:122,1
LF:24
LH:9
BRDA:43,0,0,0
BRDA:43,0,1,0
BRDA:62,1,0,0
BRDA:62,1,1,0
BRDA:66,2,0,0
BRDA:66,2,1,0
BRDA:68,3,0,0
BRDA:68,3,1,0
BRDA:68,4,0,0
BRDA:68,4,1,0
BRDA:68,4,2,0
BRDA:71,5,0,0
BRDA:71,5,1,0
BRDA:72,6,0,0
BRDA:72,6,1,0
BRDA:73,7,0,0
BRDA:73,7,1,0
BRDA:74,8,0,0
BRDA:74,8,1,0
BRF:19
BRH:0
end_of_record
TN:
SF:/Users/jwainwright/Dropbox/me/git-docs/yowainwright.github.io/src/templates/blog-post.jsx
FN:6,(anonymous_0)
FN:19,(anonymous_1)
FN:24,(anonymous_2)
FNF:3
FNH:2
FNDA:1,(anonymous_0)
FNDA:0,(anonymous_1)
FNDA:1,(anonymous_2)
DA:7,1
DA:8,1
DA:20,0
DA:21,0
DA:25,1
DA:27,1
DA:51,1
LF:7
LH:5
BRDA:20,0,0,0
BRDA:20,0,1,0
BRDA:34,1,0,0
BRDA:34,1,1,0
BRDA:35,2,0,0
BRDA:35,2,1,0
BRF:6
BRH:0
end_of_record
