TN:
SF:/Users/jwainwright/Dropbox/me/git-docs/yowainwright.github.io/jest-setup.js
FN:13,(anonymous_0)
FNF:1
FNH:1
FNDA:1,(anonymous_0)
DA:8,5
DA:10,5
DA:11,5
DA:12,5
DA:13,5
LF:5
LH:5
BRF:0
BRH:0
end_of_record
TN:
SF:/Users/jwainwright/Dropbox/me/git-docs/yowainwright.github.io/src/components/Footer.jsx
FN:12,(anonymous_0)
FN:17,(anonymous_1)
FNF:2
FNH:2
FNDA:1,(anonymous_0)
FNDA:1,(anonymous_1)
DA:13,1
DA:14,1
DA:15,1
DA:18,1
LF:4
LH:4
BRF:0
BRH:0
end_of_record
TN:
SF:/Users/jwainwright/Dropbox/me/git-docs/yowainwright.github.io/src/components/Head.jsx
FN:10,(anonymous_0)
FN:14,(anonymous_1)
FNF:2
FNH:2
FNDA:1,(anonymous_0)
FNDA:1,(anonymous_1)
DA:11,1
DA:12,1
DA:15,1
LF:3
LH:3
BRF:0
BRH:0
end_of_record
TN:
SF:/Users/jwainwright/Dropbox/me/git-docs/yowainwright.github.io/src/components/Header.jsx
FN:9,(anonymous_0)
FN:19,(anonymous_1)
FN:52,(anonymous_2)
FN:63,(anonymous_3)
FNF:4
FNH:4
FNDA:1,(anonymous_0)
FNDA:1,(anonymous_1)
FNDA:5,(anonymous_2)
FNDA:1,(anonymous_3)
DA:10,1
DA:11,1
DA:20,1
DA:23,1
DA:52,1
DA:53,5
DA:60,1
DA:64,1
LF:8
LH:8
BRF:0
BRH:0
end_of_record
TN:
SF:/Users/jwainwright/Dropbox/me/git-docs/yowainwright.github.io/src/layouts/index.jsx
FN:17,(anonymous_0)
FNF:1
FNH:1
FNDA:1,(anonymous_0)
DA:14,1
DA:20,1
DA:21,1
DA:37,1
LF:4
LH:4
BRF:0
BRH:0
end_of_record
TN:
SF:/Users/jwainwright/Dropbox/me/git-docs/yowainwright.github.io/src/templates/blog-post.jsx
FN:6,(anonymous_0)
FN:19,(anonymous_1)
FN:24,(anonymous_2)
FNF:3
FNH:3
FNDA:1,(anonymous_0)
FNDA:1,(anonymous_1)
FNDA:1,(anonymous_2)
DA:7,1
DA:8,1
DA:20,1
DA:21,1
DA:25,1
DA:27,1
DA:51,1
LF:7
LH:7
BRDA:20,0,0,0
BRDA:20,0,1,1
BRDA:34,1,0,1
BRDA:34,1,1,1
BRDA:35,2,0,1
BRDA:35,2,1,1
BRF:6
BRH:5
end_of_record
